<?xml version="1.0" encoding="UTF-8"?>
<!-- Generated by org.testng.reporters.JUnitReportReporter -->
<testsuite skipped="0" hostname="9JVJNN2" name="tests.NavigationTests" tests="2" failures="0" timestamp="01 Aug 2018 21:46:35 GMT" time="20.131" errors="0">
  <testcase name="verify_HomePageMenuNavigationMethod" time="17.771" classname="tests.NavigationTests"/>
  <testcase name="verify_OurPurposeandValuesMethod" time="2.360" classname="tests.NavigationTests"/>
</testsuite> <!-- tests.NavigationTests -->
