<?xml version="1.0" encoding="UTF-8"?>
<!-- Generated by org.testng.reporters.JUnitReportReporter -->
<testsuite skipped="0" hostname="9JVJNN2" name="tests.LoginTests" tests="2" failures="0" timestamp="30 Jul 2018 03:41:55 GMT" time="5.242" errors="0">
  <testcase name="verify_OurMergerMethod" time="3.364" classname="tests.LoginTests"/>
  <testcase name="verify_OurPurposeandValuesMethod" time="1.878" classname="tests.LoginTests"/>
</testsuite> <!-- tests.LoginTests -->
